2023-07-16 16:15:42.705 [info] Extension host with pid 8452 started
2023-07-16 16:15:42.956 [info] ExtensionService#_doActivateExtension vscode.git-base, startup: true, activationEvent: '*', root cause: vscode.git
2023-07-16 16:15:43.005 [info] ExtensionService#_doActivateExtension vscode.git, startup: true, activationEvent: '*'
2023-07-16 16:15:43.210 [info] ExtensionService#_doActivateExtension vscode.github, startup: true, activationEvent: '*'
2023-07-16 16:15:43.609 [info] Eager extensions activated
2023-07-16 16:15:43.640 [info] ExtensionService#_doActivateExtension vscode.debug-auto-launch, startup: false, activationEvent: 'onStartupFinished'
2023-07-16 16:15:43.683 [info] ExtensionService#_doActivateExtension vscode.merge-conflict, startup: false, activationEvent: 'onStartupFinished'
2023-07-16 16:15:44.597 [info] ExtensionService#_doActivateExtension vscode.github-authentication, startup: false, activationEvent: 'onAuthenticationRequest:github'
2023-07-16 16:15:44.930 [info] ExtensionService#_doActivateExtension vscode.microsoft-authentication, startup: false, activationEvent: 'onAuthenticationRequest:microsoft'
2023-07-16 16:16:10.842 [info] Extension host terminating: renderer closed the MessagePort
2023-07-16 16:16:10.855 [info] Extension host with pid 8452 exiting with code 0
2023-07-16 16:16:12.220 [info] Extension host with pid 8506 started
2023-07-16 16:16:12.220 [info] Skipping acquiring lock for /home/brian/alx-higher_level_programming/0x0C-python-almost_a_circle/alx-higher_level_programming/User/workspaceStorage/209ead398c6f3cdc74951c61e4e510e2.
2023-07-16 16:16:12.286 [info] ExtensionService#_doActivateExtension vscode.git-base, startup: true, activationEvent: '*'
2023-07-16 16:16:12.296 [info] ExtensionService#_doActivateExtension vscode.github, startup: true, activationEvent: '*'
2023-07-16 16:16:12.403 [info] Eager extensions activated
2023-07-16 16:16:12.470 [info] ExtensionService#_doActivateExtension vscode.debug-auto-launch, startup: false, activationEvent: 'onStartupFinished'
2023-07-16 16:16:12.474 [info] ExtensionService#_doActivateExtension vscode.merge-conflict, startup: false, activationEvent: 'onStartupFinished'
2023-07-16 16:16:12.622 [info] ExtensionService#_doActivateExtension vscode.github-authentication, startup: false, activationEvent: 'onAuthenticationRequest:github'
2023-07-16 16:16:12.772 [info] ExtensionService#_doActivateExtension vscode.microsoft-authentication, startup: false, activationEvent: 'onAuthenticationRequest:microsoft'
2023-07-16 16:16:16.205 [info] ExtensionService#_doActivateExtension vscode.git, startup: false, activationEvent: 'api', root cause: vscode.github
2023-07-16 16:16:38.864 [info] ExtensionService#_doActivateExtension ms-python.python, startup: false, activationEvent: 'onLanguage:python'
2023-07-16 16:16:39.442 [info] ExtensionService#_doActivateExtension vscode.emmet, startup: false, activationEvent: 'onLanguage'
2023-07-16 16:16:40.721 [info] ExtensionService#_doActivateExtension ms-python.vscode-pylance, startup: false, activationEvent: 'onLanguage:python'
2023-07-16 16:17:09.924 [info] ExtensionService#_doActivateExtension vscode.json-language-features, startup: false, activationEvent: 'onLanguage:jsonc'
2023-07-16 16:17:10.036 [info] ExtensionService#_doActivateExtension vscode.typescript-language-features, startup: false, activationEvent: 'onLanguage:jsonc'
